<?xml version="1.0" encoding="UTF-8"?>
<!-- Generated by org.testng.reporters.JUnitReportReporter -->
<testsuite skipped="0" hostname="DESKTOP-GK6BRNV" name="runner.RunTest" tests="1" failures="0" timestamp="2020-01-07T12:32:24 IST" time="24.452" errors="0">
  <testcase name="runScenario" time="24.452" classname="runner.RunTest"/>
</testsuite> <!-- runner.RunTest -->
