<?xml version="1.0" encoding="UTF-8"?>
<!-- Generated by org.testng.reporters.JUnitReportReporter -->
<testsuite skipped="0" hostname="DESKTOP-GK6BRNV" name="testcases.TC001_LoginLogout" tests="2" failures="0" timestamp="2020-01-03T18:04:18 IST" time="22.629" errors="0">
  <testcase name="runLoginLogou" time="12.069" classname="testcases.TC001_LoginLogout"/>
  <testcase name="runLoginLogou" time="10.560" classname="testcases.TC001_LoginLogout"/>
</testsuite> <!-- testcases.TC001_LoginLogout -->
